<?xml version="1.0" encoding="UTF-8"?>
<!-- Generated by org.testng.reporters.JUnitReportReporter -->
<testsuite hostname="Karishma" failures="0" tests="1" name="MethodLib.ExcelSheet" time="0.926" errors="0" timestamp="2020-04-09T14:04:22 IST" skipped="0">
  <testcase classname="MethodLib.ExcelSheet" name="XL" time="0.926"/>
  <system-out/>
</testsuite> <!-- MethodLib.ExcelSheet -->
